<?xml version="1.0" encoding="UTF-8"?>
<testsuite xmlns:xsi="http://www.w3.org/2001/XMLSchema-instance" xsi:noNamespaceSchemaLocation="https://maven.apache.org/surefire/maven-surefire-plugin/xsd/surefire-test-report-3.0.xsd" version="3.0" name="br.com.erudio.StartupTests" time="9.545" tests="1" errors="0" skipped="0" failures="0">
  <properties>
[...]
</properties>
  <testcase name="contextLoads" classname="br.com.erudio.StartupTests" time="0.864">
    <system-out><![CDATA[11:56:22.956 [main] INFO org.springframework.test.context.support.AnnotationConfigContextLoaderUtils -- Could not detect default configuration classes for test class [br.com.erudio.StartupTests]: StartupTests does not declare any static, non-private, non-final, nested classes annotated with @Configuration.
11:56:23.085 [main] INFO org.springframework.boot.test.context.SpringBootTestContextBootstrapper -- Found @SpringBootConfiguration br.com.erudio.Startup for test class br.com.erudio.StartupTests
11:56:23.385 [main] INFO org.springframework.boot.devtools.restart.RestartApplicationListener -- Restart disabled due to context in which it is running

  .   ____          _            __ _ _
 /\\ / ___'_ __ _ _(_)_ __  __ _ \ \ \ \
( ( )\___ | '_ | '_| | '_ \/ _` | \ \ \ \
 \\/  ___)| |_)| | | | | || (_| |  ) ) ) )
  '  |____| .__|_| |_|_| |_\__, | / / / /
 =========|_|==============|___/=/_/_/_/
 :: Spring Boot ::                (v3.2.3)

2024-03-19T11:56:23.777-03:00  INFO 12584 --- [           main] br.com.erudio.StartupTests               : Starting StartupTests using Java 17.0.10 with PID 12584 (started by Michelle in C:\Users\Michelle\Cursos\Curso REST_API\rest-with-spring-boot-and-java-erudio\15_AdicionandoSuporteSwagger_original_com\rest-with-spring-boot-and-java-michelle)
2024-03-19T11:56:23.780-03:00  INFO 12584 --- [           main] br.com.erudio.StartupTests               : No active profile set, falling back to 1 default profile: "default"
2024-03-19T11:56:25.144-03:00  INFO 12584 --- [           main] .s.d.r.c.RepositoryConfigurationDelegate : Bootstrapping Spring Data JPA repositories in DEFAULT mode.
2024-03-19T11:56:25.253-03:00  INFO 12584 --- [           main] .s.d.r.c.RepositoryConfigurationDelegate : Finished Spring Data repository scanning in 96 ms. Found 2 JPA repository interfaces.
2024-03-19T11:56:25.972-03:00  INFO 12584 --- [           main] com.zaxxer.hikari.HikariDataSource       : HikariPool-1 - Starting...
2024-03-19T11:56:26.537-03:00  INFO 12584 --- [           main] com.zaxxer.hikari.pool.HikariPool        : HikariPool-1 - Added connection com.mysql.cj.jdbc.ConnectionImpl@5112b7
2024-03-19T11:56:26.543-03:00  INFO 12584 --- [           main] com.zaxxer.hikari.HikariDataSource       : HikariPool-1 - Start completed.
2024-03-19T11:56:26.736-03:00  INFO 12584 --- [           main] o.f.c.internal.license.VersionPrinter    : Flyway Community Edition 9.22.3 by Redgate
2024-03-19T11:56:26.737-03:00  INFO 12584 --- [           main] o.f.c.internal.license.VersionPrinter    : See release notes here: https://rd.gt/416ObMi
2024-03-19T11:56:26.737-03:00  INFO 12584 --- [           main] o.f.c.internal.license.VersionPrinter    : 
2024-03-19T11:56:26.771-03:00  INFO 12584 --- [           main] org.flywaydb.core.FlywayExecutor         : Database: jdbc:mysql://localhost:3306/rest_with_spring_boot_erudio (MySQL 8.0)
2024-03-19T11:56:26.846-03:00  INFO 12584 --- [           main] o.f.core.internal.command.DbValidate     : Successfully validated 4 migrations (execution time 00:00.048s)
2024-03-19T11:56:26.873-03:00  INFO 12584 --- [           main] o.f.core.internal.command.DbMigrate      : Current version of schema `rest_with_spring_boot_erudio`: 4
2024-03-19T11:56:26.877-03:00  INFO 12584 --- [           main] o.f.core.internal.command.DbMigrate      : Schema `rest_with_spring_boot_erudio` is up to date. No migration necessary.
2024-03-19T11:56:27.065-03:00  INFO 12584 --- [           main] o.hibernate.jpa.internal.util.LogHelper  : HHH000204: Processing PersistenceUnitInfo [name: default]
2024-03-19T11:56:27.183-03:00  INFO 12584 --- [           main] org.hibernate.Version                    : HHH000412: Hibernate ORM core version 6.4.4.Final
2024-03-19T11:56:27.245-03:00  INFO 12584 --- [           main] o.h.c.internal.RegionFactoryInitiator    : HHH000026: Second-level cache disabled
2024-03-19T11:56:27.383-03:00  INFO 12584 --- [           main] o.h.e.boot.internal.EnversServiceImpl    : Envers integration enabled? : true
2024-03-19T11:56:27.641-03:00  INFO 12584 --- [           main] o.s.o.j.p.SpringPersistenceUnitInfo      : No LoadTimeWeaver setup: ignoring JPA class transformer
2024-03-19T11:56:28.865-03:00  INFO 12584 --- [           main] o.h.e.t.j.p.i.JtaPlatformInitiator       : HHH000489: No JTA platform available (set 'hibernate.transaction.jta.platform' to enable JTA platform integration)
2024-03-19T11:56:28.868-03:00  INFO 12584 --- [           main] j.LocalContainerEntityManagerFactoryBean : Initialized JPA EntityManagerFactory for persistence unit 'default'
2024-03-19T11:56:31.351-03:00  INFO 12584 --- [           main] br.com.erudio.StartupTests               : Started StartupTests in 7.993 seconds (process running for 9.478)
]]></system-out>
  </testcase>
</testsuite>